Arguments: 
  /Users/yes/.asdf/installs/nodejs/16.13.1/bin/node /Users/yes/.asdf/installs/yarn/1.22.10/bin/yarn.js init

PATH: 
  /Users/yes/.asdf/plugins/nodejs/shims:/Users/yes/.asdf/installs/nodejs/16.13.1/bin:/Users/yes/.asdf/installs/yarn/1.22.10/bin:/usr/local/lib/ruby/gems/3.2.0/bin:/usr/local/opt/ruby/bin:/Users/yes/.oh-my-zsh/custom/plugins/git-open:/Users/yes/.asdf/shims:/usr/local/opt/asdf/libexec/bin:/usr/local/bin:/usr/bin:/bin:/usr/sbin:/sbin:/Library/Apple/usr/bin:/usr/local/lib/ruby/gems/3.2.0/bin:/usr/local/opt/ruby/bin:/Users/yes/.oh-my-zsh/custom/plugins/git-open:/usr/local/opt/asdf/libexec/bin

Yarn version: 
  1.22.10

Node version: 
  16.13.1

Platform: 
  darwin x64

Trace: 
  Error: canceled
      at Interface.<anonymous> (/Users/yes/.asdf/installs/yarn/1.22.10/lib/cli.js:137009:13)
      at Interface.emit (node:events:390:28)
      at Interface._ttyWrite (node:readline:1081:16)
      at ReadStream.onkeypress (node:readline:288:10)
      at ReadStream.emit (node:events:390:28)
      at emitKeys (node:internal/readline/utils:358:14)
      at emitKeys.next (<anonymous>)
      at ReadStream.onData (node:internal/readline/emitKeypressEvents:61:36)
      at ReadStream.emit (node:events:390:28)
      at addChunk (node:internal/streams/readable:315:12)

npm manifest: 
  No manifest

yarn manifest: 
  No manifest

Lockfile: 
  # THIS IS AN AUTOGENERATED FILE. DO NOT EDIT THIS FILE DIRECTLY.
  # yarn lockfile v1
